# JRE version: OpenJDK Runtime Environment (8.0_152-b01) (build 1.8.0_152-release-1248-b01)
# Java VM: OpenJDK 64-Bit Server VM (25.152-b01 mixed mode linux-amd64 compressed oops)
Heap:
 PSYoungGen      total 230912K, used 14843K [0x00000000e0000000, 0x00000000ef000000, 0x0000000100000000)
  eden space 216064K, 0% used [0x00000000e0000000,0x00000000e0000000,0x00000000ed300000)
  from space 14848K, 99% used [0x00000000ed300000,0x00000000ee17ecb0,0x00000000ee180000)
  to   space 9728K, 0% used [0x00000000ee680000,0x00000000ee680000,0x00000000ef000000)
 ParOldGen       total 76288K, used 21973K [0x00000000a0000000, 0x00000000a4a80000, 0x00000000e0000000)
  object space 76288K, 28% used [0x00000000a0000000,0x00000000a1575430,0x00000000a4a80000)
 Metaspace       used 48531K, capacity 50038K, committed 50136K, reserved 1091584K
  class space    used 6624K, capacity 7075K, committed 7168K, reserved 1048576K
GC Heap History (10 events):
Event: 2.254 GC heap after
Heap after GC invocations=4 (full 0):
 PSYoungGen      total 132096K, used 5099K [0x00000000e0000000, 0x00000000e8600000, 0x0000000100000000)
  eden space 126976K, 0% used [0x00000000e0000000,0x00000000e0000000,0x00000000e7c00000)
  from space 5120K, 99% used [0x00000000e8100000,0x00000000e85faff0,0x00000000e8600000)
  to   space 5120K, 0% used [0x00000000e7c00000,0x00000000e7c00000,0x00000000e8100000)
 ParOldGen       total 84992K, used 9537K [0x00000000a0000000, 0x00000000a5300000, 0x00000000e0000000)
  object space 84992K, 11% used [0x00000000a0000000,0x00000000a09505d8,0x00000000a5300000)
 Metaspace       used 20775K, capacity 21086K, committed 21248K, reserved 1067008K
  class space    used 2847K, capacity 2982K, committed 3072K, reserved 1048576K
}
Event: 2.254 GC heap before
{Heap before GC invocations=5 (full 1):
 PSYoungGen      total 132096K, used 5099K [0x00000000e0000000, 0x00000000e8600000, 0x0000000100000000)
  eden space 126976K, 0% used [0x00000000e0000000,0x00000000e0000000,0x00000000e7c00000)
  from space 5120K, 99% used [0x00000000e8100000,0x00000000e85faff0,0x00000000e8600000)
  to   space 5120K, 0% used [0x00000000e7c00000,0x00000000e7c00000,0x00000000e8100000)
 ParOldGen       total 84992K, used 9537K [0x00000000a0000000, 0x00000000a5300000, 0x00000000e0000000)
  object space 84992K, 11% used [0x00000000a0000000,0x00000000a09505d8,0x00000000a5300000)
 Metaspace       used 20775K, capacity 21086K, committed 21248K, reserved 1067008K
  class space    used 2847K, capacity 2982K, committed 3072K, reserved 1048576K
Event: 2.297 GC heap after
Heap after GC invocations=5 (full 1):
 PSYoungGen      total 132096K, used 0K [0x00000000e0000000, 0x00000000e8600000, 0x0000000100000000)
  eden space 126976K, 0% used [0x00000000e0000000,0x00000000e0000000,0x00000000e7c00000)
  from space 5120K, 0% used [0x00000000e8100000,0x00000000e8100000,0x00000000e8600000)
  to   space 5120K, 0% used [0x00000000e7c00000,0x00000000e7c00000,0x00000000e8100000)
 ParOldGen       total 54272K, used 7824K [0x00000000a0000000, 0x00000000a3500000, 0x00000000e0000000)
  object space 54272K, 14% used [0x00000000a0000000,0x00000000a07a4030,0x00000000a3500000)
 Metaspace       used 20775K, capacity 21086K, committed 21248K, reserved 1067008K
  class space    used 2847K, capacity 2982K, committed 3072K, reserved 1048576K
}
Event: 4.251 GC heap before
{Heap before GC invocations=6 (full 1):
 PSYoungGen      total 132096K, used 126976K [0x00000000e0000000, 0x00000000e8600000, 0x0000000100000000)
  eden space 126976K, 100% used [0x00000000e0000000,0x00000000e7c00000,0x00000000e7c00000)
  from space 5120K, 0% used [0x00000000e8100000,0x00000000e8100000,0x00000000e8600000)
  to   space 5120K, 0% used [0x00000000e7c00000,0x00000000e7c00000,0x00000000e8100000)
 ParOldGen       total 54272K, used 7824K [0x00000000a0000000, 0x00000000a3500000, 0x00000000e0000000)
  object space 54272K, 14% used [0x00000000a0000000,0x00000000a07a4030,0x00000000a3500000)
 Metaspace       used 30092K, capacity 30730K, committed 31104K, reserved 1075200K
  class space    used 4163K, capacity 4389K, committed 4480K, reserved 1048576K
Event: 4.269 GC heap after
Heap after GC invocations=6 (full 1):
 PSYoungGen      total 132096K, used 5104K [0x00000000e0000000, 0x00000000ef600000, 0x0000000100000000)
  eden space 126976K, 0% used [0x00000000e0000000,0x00000000e0000000,0x00000000e7c00000)
  from space 5120K, 99% used [0x00000000e7c00000,0x00000000e80fc010,0x00000000e8100000)
  to   space 15872K, 0% used [0x00000000ee680000,0x00000000ee680000,0x00000000ef600000)
 ParOldGen       total 54272K, used 15929K [0x00000000a0000000, 0x00000000a3500000, 0x00000000e0000000)
  object space 54272K, 29% used [0x00000000a0000000,0x00000000a0f8e728,0x00000000a3500000)
 Metaspace       used 30092K, capacity 30730K, committed 31104K, reserved 1075200K
  class space    used 4163K, capacity 4389K, committed 4480K, reserved 1048576K
}
Event: 4.832 GC heap before
{Heap before GC invocations=7 (full 1):
 PSYoungGen      total 132096K, used 35359K [0x00000000e0000000, 0x00000000ef600000, 0x0000000100000000)
  eden space 126976K, 23% used [0x00000000e0000000,0x00000000e1d8bf80,0x00000000e7c00000)
  from space 5120K, 99% used [0x00000000e7c00000,0x00000000e80fc010,0x00000000e8100000)
  to   space 15872K, 0% used [0x00000000ee680000,0x00000000ee680000,0x00000000ef600000)
 ParOldGen       total 54272K, used 15929K [0x00000000a0000000, 0x00000000a3500000, 0x00000000e0000000)
  object space 54272K, 29% used [0x00000000a0000000,0x00000000a0f8e728,0x00000000a3500000)
 Metaspace       used 34719K, capacity 35326K, committed 35416K, reserved 1079296K
  class space    used 4762K, capacity 4986K, committed 4992K, reserved 1048576K
Event: 4.845 GC heap after
Heap after GC invocations=7 (full 1):
 PSYoungGen      total 225792K, used 8536K [0x00000000e0000000, 0x00000000ef000000, 0x0000000100000000)
  eden space 216064K, 0% used [0x00000000e0000000,0x00000000e0000000,0x00000000ed300000)
  from space 9728K, 87% used [0x00000000ee680000,0x00000000eeed6090,0x00000000ef000000)
  to   space 14848K, 0% used [0x00000000ed300000,0x00000000ed300000,0x00000000ee180000)
 ParOldGen       total 54272K, used 15929K [0x00000000a0000000, 0x00000000a3500000, 0x00000000e0000000)
  object space 54272K, 29% used [0x00000000a0000000,0x00000000a0f8e728,0x00000000a3500000)
 Metaspace       used 34719K, capacity 35326K, committed 35416K, reserved 1079296K
  class space    used 4762K, capacity 4986K, committed 4992K, reserved 1048576K
}
Event: 4.845 GC heap before
{Heap before GC invocations=8 (full 2):
 PSYoungGen      total 225792K, used 8536K [0x00000000e0000000, 0x00000000ef000000, 0x0000000100000000)
  eden space 216064K, 0% used [0x00000000e0000000,0x00000000e0000000,0x00000000ed300000)
  from space 9728K, 87% used [0x00000000ee680000,0x00000000eeed6090,0x00000000ef000000)
  to   space 14848K, 0% used [0x00000000ed300000,0x00000000ed300000,0x00000000ee180000)
 ParOldGen       total 54272K, used 15929K [0x00000000a0000000, 0x00000000a3500000, 0x00000000e0000000)
  object space 54272K, 29% used [0x00000000a0000000,0x00000000a0f8e728,0x00000000a3500000)
 Metaspace       used 34719K, capacity 35326K, committed 35416K, reserved 1079296K
  class space    used 4762K, capacity 4986K, committed 4992K, reserved 1048576K
Event: 4.902 GC heap after
Heap after GC invocations=8 (full 2):
 PSYoungGen      total 225792K, used 0K [0x00000000e0000000, 0x00000000ef000000, 0x0000000100000000)
  eden space 216064K, 0% used [0x00000000e0000000,0x00000000e0000000,0x00000000ed300000)
  from space 9728K, 0% used [0x00000000ee680000,0x00000000ee680000,0x00000000ef000000)
  to   space 14848K, 0% used [0x00000000ed300000,0x00000000ed300000,0x00000000ee180000)
 ParOldGen       total 76288K, used 15435K [0x00000000a0000000, 0x00000000a4a80000, 0x00000000e0000000)
  object space 76288K, 20% used [0x00000000a0000000,0x00000000a0f12c18,0x00000000a4a80000)
 Metaspace       used 34719K, capacity 35326K, committed 35416K, reserved 1079296K
  class space    used 4762K, capacity 4986K, committed 4992K, reserved 1048576K
}
Event: 7.809 GC heap before
{Heap before GC invocations=9 (full 2):
 PSYoungGen      total 225792K, used 216064K [0x00000000e0000000, 0x00000000ef000000, 0x0000000100000000)
  eden space 216064K, 100% used [0x00000000e0000000,0x00000000ed300000,0x00000000ed300000)
  from space 9728K, 0% used [0x00000000ee680000,0x00000000ee680000,0x00000000ef000000)
  to   space 14848K, 0% used [0x00000000ed300000,0x00000000ed300000,0x00000000ee180000)
 ParOldGen       total 76288K, used 15435K [0x00000000a0000000, 0x00000000a4a80000, 0x00000000e0000000)
  object space 76288K, 20% used [0x00000000a0000000,0x00000000a0f12c18,0x00000000a4a80000)
 Metaspace       used 48531K, capacity 50038K, committed 50136K, reserved 1091584K
  class space    used 6624K, capacity 7075K, committed 7168K, reserved 1048576K

