# JRE version: OpenJDK Runtime Environment (8.0_152-b01) (build 1.8.0_152-release-1248-b01)
# Java VM: OpenJDK 64-Bit Server VM (25.152-b01 mixed mode linux-amd64 compressed oops)
Heap:
 PSYoungGen      total 234496K, used 14821K [0x00000000e0000000, 0x00000000ef380000, 0x0000000100000000)
  eden space 219648K, 0% used [0x00000000e0000000,0x00000000e0000000,0x00000000ed680000)
  from space 14848K, 99% used [0x00000000ed680000,0x00000000ee4f97a8,0x00000000ee500000)
  to   space 8704K, 0% used [0x00000000eeb00000,0x00000000eeb00000,0x00000000ef380000)
 ParOldGen       total 73728K, used 23166K [0x00000000a0000000, 0x00000000a4800000, 0x00000000e0000000)
  object space 73728K, 31% used [0x00000000a0000000,0x00000000a169faf0,0x00000000a4800000)
 Metaspace       used 48587K, capacity 50178K, committed 50392K, reserved 1093632K
  class space    used 6632K, capacity 7079K, committed 7168K, reserved 1048576K
GC Heap History (10 events):
Event: 2.192 GC heap after
Heap after GC invocations=4 (full 0):
 PSYoungGen      total 132096K, used 5088K [0x00000000e0000000, 0x00000000e8600000, 0x0000000100000000)
  eden space 126976K, 0% used [0x00000000e0000000,0x00000000e0000000,0x00000000e7c00000)
  from space 5120K, 99% used [0x00000000e8100000,0x00000000e85f8050,0x00000000e8600000)
  to   space 5120K, 0% used [0x00000000e7c00000,0x00000000e7c00000,0x00000000e8100000)
 ParOldGen       total 84992K, used 9542K [0x00000000a0000000, 0x00000000a5300000, 0x00000000e0000000)
  object space 84992K, 11% used [0x00000000a0000000,0x00000000a0951b48,0x00000000a5300000)
 Metaspace       used 20757K, capacity 21086K, committed 21248K, reserved 1067008K
  class space    used 2845K, capacity 2982K, committed 3072K, reserved 1048576K
}
Event: 2.192 GC heap before
{Heap before GC invocations=5 (full 1):
 PSYoungGen      total 132096K, used 5088K [0x00000000e0000000, 0x00000000e8600000, 0x0000000100000000)
  eden space 126976K, 0% used [0x00000000e0000000,0x00000000e0000000,0x00000000e7c00000)
  from space 5120K, 99% used [0x00000000e8100000,0x00000000e85f8050,0x00000000e8600000)
  to   space 5120K, 0% used [0x00000000e7c00000,0x00000000e7c00000,0x00000000e8100000)
 ParOldGen       total 84992K, used 9542K [0x00000000a0000000, 0x00000000a5300000, 0x00000000e0000000)
  object space 84992K, 11% used [0x00000000a0000000,0x00000000a0951b48,0x00000000a5300000)
 Metaspace       used 20757K, capacity 21086K, committed 21248K, reserved 1067008K
  class space    used 2845K, capacity 2982K, committed 3072K, reserved 1048576K
Event: 2.263 GC heap after
Heap after GC invocations=5 (full 1):
 PSYoungGen      total 132096K, used 0K [0x00000000e0000000, 0x00000000e8600000, 0x0000000100000000)
  eden space 126976K, 0% used [0x00000000e0000000,0x00000000e0000000,0x00000000e7c00000)
  from space 5120K, 0% used [0x00000000e8100000,0x00000000e8100000,0x00000000e8600000)
  to   space 5120K, 0% used [0x00000000e7c00000,0x00000000e7c00000,0x00000000e8100000)
 ParOldGen       total 53248K, used 7790K [0x00000000a0000000, 0x00000000a3400000, 0x00000000e0000000)
  object space 53248K, 14% used [0x00000000a0000000,0x00000000a079b980,0x00000000a3400000)
 Metaspace       used 20757K, capacity 21086K, committed 21248K, reserved 1067008K
  class space    used 2845K, capacity 2982K, committed 3072K, reserved 1048576K
}
Event: 4.197 GC heap before
{Heap before GC invocations=6 (full 1):
 PSYoungGen      total 132096K, used 126976K [0x00000000e0000000, 0x00000000e8600000, 0x0000000100000000)
  eden space 126976K, 100% used [0x00000000e0000000,0x00000000e7c00000,0x00000000e7c00000)
  from space 5120K, 0% used [0x00000000e8100000,0x00000000e8100000,0x00000000e8600000)
  to   space 5120K, 0% used [0x00000000e7c00000,0x00000000e7c00000,0x00000000e8100000)
 ParOldGen       total 53248K, used 7790K [0x00000000a0000000, 0x00000000a3400000, 0x00000000e0000000)
  object space 53248K, 14% used [0x00000000a0000000,0x00000000a079b980,0x00000000a3400000)
 Metaspace       used 30094K, capacity 30666K, committed 30848K, reserved 1075200K
  class space    used 4162K, capacity 4389K, committed 4480K, reserved 1048576K
Event: 4.237 GC heap after
Heap after GC invocations=6 (full 1):
 PSYoungGen      total 132096K, used 5120K [0x00000000e0000000, 0x00000000efa80000, 0x0000000100000000)
  eden space 126976K, 0% used [0x00000000e0000000,0x00000000e0000000,0x00000000e7c00000)
  from space 5120K, 100% used [0x00000000e7c00000,0x00000000e8100000,0x00000000e8100000)
  to   space 15872K, 0% used [0x00000000eeb00000,0x00000000eeb00000,0x00000000efa80000)
 ParOldGen       total 53248K, used 15853K [0x00000000a0000000, 0x00000000a3400000, 0x00000000e0000000)
  object space 53248K, 29% used [0x00000000a0000000,0x00000000a0f7b4c8,0x00000000a3400000)
 Metaspace       used 30094K, capacity 30666K, committed 30848K, reserved 1075200K
  class space    used 4162K, capacity 4389K, committed 4480K, reserved 1048576K
}
Event: 4.862 GC heap before
{Heap before GC invocations=7 (full 1):
 PSYoungGen      total 132096K, used 35169K [0x00000000e0000000, 0x00000000efa80000, 0x0000000100000000)
  eden space 126976K, 23% used [0x00000000e0000000,0x00000000e1d58720,0x00000000e7c00000)
  from space 5120K, 100% used [0x00000000e7c00000,0x00000000e8100000,0x00000000e8100000)
  to   space 15872K, 0% used [0x00000000eeb00000,0x00000000eeb00000,0x00000000efa80000)
 ParOldGen       total 53248K, used 15853K [0x00000000a0000000, 0x00000000a3400000, 0x00000000e0000000)
  object space 53248K, 29% used [0x00000000a0000000,0x00000000a0f7b4c8,0x00000000a3400000)
 Metaspace       used 34744K, capacity 35326K, committed 35416K, reserved 1079296K
  class space    used 4768K, capacity 4986K, committed 4992K, reserved 1048576K
Event: 4.875 GC heap after
Heap after GC invocations=7 (full 1):
 PSYoungGen      total 228352K, used 8579K [0x00000000e0000000, 0x00000000ef380000, 0x0000000100000000)
  eden space 219648K, 0% used [0x00000000e0000000,0x00000000e0000000,0x00000000ed680000)
  from space 8704K, 98% used [0x00000000eeb00000,0x00000000ef360f50,0x00000000ef380000)
  to   space 14848K, 0% used [0x00000000ed680000,0x00000000ed680000,0x00000000ee500000)
 ParOldGen       total 53248K, used 15861K [0x00000000a0000000, 0x00000000a3400000, 0x00000000e0000000)
  object space 53248K, 29% used [0x00000000a0000000,0x00000000a0f7d4c8,0x00000000a3400000)
 Metaspace       used 34744K, capacity 35326K, committed 35416K, reserved 1079296K
  class space    used 4768K, capacity 4986K, committed 4992K, reserved 1048576K
}
Event: 4.875 GC heap before
{Heap before GC invocations=8 (full 2):
 PSYoungGen      total 228352K, used 8579K [0x00000000e0000000, 0x00000000ef380000, 0x0000000100000000)
  eden space 219648K, 0% used [0x00000000e0000000,0x00000000e0000000,0x00000000ed680000)
  from space 8704K, 98% used [0x00000000eeb00000,0x00000000ef360f50,0x00000000ef380000)
  to   space 14848K, 0% used [0x00000000ed680000,0x00000000ed680000,0x00000000ee500000)
 ParOldGen       total 53248K, used 15861K [0x00000000a0000000, 0x00000000a3400000, 0x00000000e0000000)
  object space 53248K, 29% used [0x00000000a0000000,0x00000000a0f7d4c8,0x00000000a3400000)
 Metaspace       used 34744K, capacity 35326K, committed 35416K, reserved 1079296K
  class space    used 4768K, capacity 4986K, committed 4992K, reserved 1048576K
Event: 4.926 GC heap after
Heap after GC invocations=8 (full 2):
 PSYoungGen      total 228352K, used 0K [0x00000000e0000000, 0x00000000ef380000, 0x0000000100000000)
  eden space 219648K, 0% used [0x00000000e0000000,0x00000000e0000000,0x00000000ed680000)
  from space 8704K, 0% used [0x00000000eeb00000,0x00000000eeb00000,0x00000000ef380000)
  to   space 14848K, 0% used [0x00000000ed680000,0x00000000ed680000,0x00000000ee500000)
 ParOldGen       total 73728K, used 16531K [0x00000000a0000000, 0x00000000a4800000, 0x00000000e0000000)
  object space 73728K, 22% used [0x00000000a0000000,0x00000000a1024dd0,0x00000000a4800000)
 Metaspace       used 34744K, capacity 35326K, committed 35416K, reserved 1079296K
  class space    used 4768K, capacity 4986K, committed 4992K, reserved 1048576K
}
Event: 8.650 GC heap before
{Heap before GC invocations=9 (full 2):
 PSYoungGen      total 228352K, used 219648K [0x00000000e0000000, 0x00000000ef380000, 0x0000000100000000)
  eden space 219648K, 100% used [0x00000000e0000000,0x00000000ed680000,0x00000000ed680000)
  from space 8704K, 0% used [0x00000000eeb00000,0x00000000eeb00000,0x00000000ef380000)
  to   space 14848K, 0% used [0x00000000ed680000,0x00000000ed680000,0x00000000ee500000)
 ParOldGen       total 73728K, used 16531K [0x00000000a0000000, 0x00000000a4800000, 0x00000000e0000000)
  object space 73728K, 22% used [0x00000000a0000000,0x00000000a1024dd0,0x00000000a4800000)
 Metaspace       used 48587K, capacity 50178K, committed 50392K, reserved 1093632K
  class space    used 6632K, capacity 7079K, committed 7168K, reserved 1048576K

