# JRE version: OpenJDK Runtime Environment (8.0_152-b01) (build 1.8.0_152-release-1248-b01)
# Java VM: OpenJDK 64-Bit Server VM (25.152-b01 mixed mode linux-amd64 compressed oops)
Heap:
 PSYoungGen      total 243712K, used 14837K [0x00000000e0000000, 0x00000000efc80000, 0x0000000100000000)
  eden space 228864K, 0% used [0x00000000e0000000,0x00000000e0000000,0x00000000edf80000)
  from space 14848K, 99% used [0x00000000edf80000,0x00000000eedfd798,0x00000000eee00000)
  to   space 9728K, 0% used [0x00000000ef300000,0x00000000ef300000,0x00000000efc80000)
 ParOldGen       total 71680K, used 24077K [0x00000000a0000000, 0x00000000a4600000, 0x00000000e0000000)
  object space 71680K, 33% used [0x00000000a0000000,0x00000000a17836f0,0x00000000a4600000)
 Metaspace       used 49431K, capacity 51012K, committed 51160K, reserved 1093632K
  class space    used 6763K, capacity 7167K, committed 7168K, reserved 1048576K
GC Heap History (10 events):
Event: 2.276 GC heap after
Heap after GC invocations=4 (full 0):
 PSYoungGen      total 132096K, used 5099K [0x00000000e0000000, 0x00000000e8600000, 0x0000000100000000)
  eden space 126976K, 0% used [0x00000000e0000000,0x00000000e0000000,0x00000000e7c00000)
  from space 5120K, 99% used [0x00000000e8100000,0x00000000e85fafd0,0x00000000e8600000)
  to   space 5120K, 0% used [0x00000000e7c00000,0x00000000e7c00000,0x00000000e8100000)
 ParOldGen       total 84992K, used 9489K [0x00000000a0000000, 0x00000000a5300000, 0x00000000e0000000)
  object space 84992K, 11% used [0x00000000a0000000,0x00000000a09446c8,0x00000000a5300000)
 Metaspace       used 20764K, capacity 21090K, committed 21248K, reserved 1067008K
  class space    used 2844K, capacity 2982K, committed 3072K, reserved 1048576K
}
Event: 2.276 GC heap before
{Heap before GC invocations=5 (full 1):
 PSYoungGen      total 132096K, used 5099K [0x00000000e0000000, 0x00000000e8600000, 0x0000000100000000)
  eden space 126976K, 0% used [0x00000000e0000000,0x00000000e0000000,0x00000000e7c00000)
  from space 5120K, 99% used [0x00000000e8100000,0x00000000e85fafd0,0x00000000e8600000)
  to   space 5120K, 0% used [0x00000000e7c00000,0x00000000e7c00000,0x00000000e8100000)
 ParOldGen       total 84992K, used 9489K [0x00000000a0000000, 0x00000000a5300000, 0x00000000e0000000)
  object space 84992K, 11% used [0x00000000a0000000,0x00000000a09446c8,0x00000000a5300000)
 Metaspace       used 20764K, capacity 21090K, committed 21248K, reserved 1067008K
  class space    used 2844K, capacity 2982K, committed 3072K, reserved 1048576K
Event: 2.310 GC heap after
Heap after GC invocations=5 (full 1):
 PSYoungGen      total 132096K, used 0K [0x00000000e0000000, 0x00000000e8600000, 0x0000000100000000)
  eden space 126976K, 0% used [0x00000000e0000000,0x00000000e0000000,0x00000000e7c00000)
  from space 5120K, 0% used [0x00000000e8100000,0x00000000e8100000,0x00000000e8600000)
  to   space 5120K, 0% used [0x00000000e7c00000,0x00000000e7c00000,0x00000000e8100000)
 ParOldGen       total 52736K, used 8576K [0x00000000a0000000, 0x00000000a3380000, 0x00000000e0000000)
  object space 52736K, 16% used [0x00000000a0000000,0x00000000a0860148,0x00000000a3380000)
 Metaspace       used 20764K, capacity 21090K, committed 21248K, reserved 1067008K
  class space    used 2844K, capacity 2982K, committed 3072K, reserved 1048576K
}
Event: 4.379 GC heap before
{Heap before GC invocations=6 (full 1):
 PSYoungGen      total 132096K, used 126976K [0x00000000e0000000, 0x00000000e8600000, 0x0000000100000000)
  eden space 126976K, 100% used [0x00000000e0000000,0x00000000e7c00000,0x00000000e7c00000)
  from space 5120K, 0% used [0x00000000e8100000,0x00000000e8100000,0x00000000e8600000)
  to   space 5120K, 0% used [0x00000000e7c00000,0x00000000e7c00000,0x00000000e8100000)
 ParOldGen       total 52736K, used 8576K [0x00000000a0000000, 0x00000000a3380000, 0x00000000e0000000)
  object space 52736K, 16% used [0x00000000a0000000,0x00000000a0860148,0x00000000a3380000)
 Metaspace       used 30024K, capacity 30698K, committed 31104K, reserved 1075200K
  class space    used 4148K, capacity 4357K, committed 4480K, reserved 1048576K
Event: 4.393 GC heap after
Heap after GC invocations=6 (full 1):
 PSYoungGen      total 132096K, used 5104K [0x00000000e0000000, 0x00000000f0280000, 0x0000000100000000)
  eden space 126976K, 0% used [0x00000000e0000000,0x00000000e0000000,0x00000000e7c00000)
  from space 5120K, 99% used [0x00000000e7c00000,0x00000000e80fc010,0x00000000e8100000)
  to   space 15872K, 0% used [0x00000000ef300000,0x00000000ef300000,0x00000000f0280000)
 ParOldGen       total 52736K, used 16588K [0x00000000a0000000, 0x00000000a3380000, 0x00000000e0000000)
  object space 52736K, 31% used [0x00000000a0000000,0x00000000a1033140,0x00000000a3380000)
 Metaspace       used 30024K, capacity 30698K, committed 31104K, reserved 1075200K
  class space    used 4148K, capacity 4357K, committed 4480K, reserved 1048576K
}
Event: 5.036 GC heap before
{Heap before GC invocations=7 (full 1):
 PSYoungGen      total 132096K, used 36910K [0x00000000e0000000, 0x00000000f0280000, 0x0000000100000000)
  eden space 126976K, 25% used [0x00000000e0000000,0x00000000e1f0f998,0x00000000e7c00000)
  from space 5120K, 99% used [0x00000000e7c00000,0x00000000e80fc010,0x00000000e8100000)
  to   space 15872K, 0% used [0x00000000ef300000,0x00000000ef300000,0x00000000f0280000)
 ParOldGen       total 52736K, used 16588K [0x00000000a0000000, 0x00000000a3380000, 0x00000000e0000000)
  object space 52736K, 31% used [0x00000000a0000000,0x00000000a1033140,0x00000000a3380000)
 Metaspace       used 34763K, capacity 35326K, committed 35416K, reserved 1079296K
  class space    used 4771K, capacity 4986K, committed 4992K, reserved 1048576K
Event: 5.048 GC heap after
Heap after GC invocations=7 (full 1):
 PSYoungGen      total 238592K, used 8685K [0x00000000e0000000, 0x00000000efc80000, 0x0000000100000000)
  eden space 228864K, 0% used [0x00000000e0000000,0x00000000e0000000,0x00000000edf80000)
  from space 9728K, 89% used [0x00000000ef300000,0x00000000efb7b6d0,0x00000000efc80000)
  to   space 14848K, 0% used [0x00000000edf80000,0x00000000edf80000,0x00000000eee00000)
 ParOldGen       total 52736K, used 16596K [0x00000000a0000000, 0x00000000a3380000, 0x00000000e0000000)
  object space 52736K, 31% used [0x00000000a0000000,0x00000000a1035140,0x00000000a3380000)
 Metaspace       used 34763K, capacity 35326K, committed 35416K, reserved 1079296K
  class space    used 4771K, capacity 4986K, committed 4992K, reserved 1048576K
}
Event: 5.048 GC heap before
{Heap before GC invocations=8 (full 2):
 PSYoungGen      total 238592K, used 8685K [0x00000000e0000000, 0x00000000efc80000, 0x0000000100000000)
  eden space 228864K, 0% used [0x00000000e0000000,0x00000000e0000000,0x00000000edf80000)
  from space 9728K, 89% used [0x00000000ef300000,0x00000000efb7b6d0,0x00000000efc80000)
  to   space 14848K, 0% used [0x00000000edf80000,0x00000000edf80000,0x00000000eee00000)
 ParOldGen       total 52736K, used 16596K [0x00000000a0000000, 0x00000000a3380000, 0x00000000e0000000)
  object space 52736K, 31% used [0x00000000a0000000,0x00000000a1035140,0x00000000a3380000)
 Metaspace       used 34763K, capacity 35326K, committed 35416K, reserved 1079296K
  class space    used 4771K, capacity 4986K, committed 4992K, reserved 1048576K
Event: 5.106 GC heap after
Heap after GC invocations=8 (full 2):
 PSYoungGen      total 238592K, used 0K [0x00000000e0000000, 0x00000000efc80000, 0x0000000100000000)
  eden space 228864K, 0% used [0x00000000e0000000,0x00000000e0000000,0x00000000edf80000)
  from space 9728K, 0% used [0x00000000ef300000,0x00000000ef300000,0x00000000efc80000)
  to   space 14848K, 0% used [0x00000000edf80000,0x00000000edf80000,0x00000000eee00000)
 ParOldGen       total 71680K, used 16299K [0x00000000a0000000, 0x00000000a4600000, 0x00000000e0000000)
  object space 71680K, 22% used [0x00000000a0000000,0x00000000a0feac68,0x00000000a4600000)
 Metaspace       used 34763K, capacity 35326K, committed 35416K, reserved 1079296K
  class space    used 4771K, capacity 4986K, committed 4992K, reserved 1048576K
}
Event: 8.594 GC heap before
{Heap before GC invocations=9 (full 2):
 PSYoungGen      total 238592K, used 228864K [0x00000000e0000000, 0x00000000efc80000, 0x0000000100000000)
  eden space 228864K, 100% used [0x00000000e0000000,0x00000000edf80000,0x00000000edf80000)
  from space 9728K, 0% used [0x00000000ef300000,0x00000000ef300000,0x00000000efc80000)
  to   space 14848K, 0% used [0x00000000edf80000,0x00000000edf80000,0x00000000eee00000)
 ParOldGen       total 71680K, used 16299K [0x00000000a0000000, 0x00000000a4600000, 0x00000000e0000000)
  object space 71680K, 22% used [0x00000000a0000000,0x00000000a0feac68,0x00000000a4600000)
 Metaspace       used 49431K, capacity 51012K, committed 51160K, reserved 1093632K
  class space    used 6763K, capacity 7167K, committed 7168K, reserved 1048576K

